2025-10-24 20:15:34,641 - INFO - [main.py:255] - Aplicação iniciada.
2025-10-24 20:15:34,642 - INFO - [db.py:14] - Verificando e inicializando o banco de dados...
2025-10-24 20:15:34,668 - INFO - [db.py:77] - Banco de dados pronto.
2025-10-24 20:15:34,668 - INFO - [main.py:260] - Banco de dados inicializado com sucesso.
2025-10-24 20:15:34,729 - INFO - [models.py:17] - ClienteModel instanciado.
2025-10-24 20:15:34,730 - INFO - [models.py:125] - PedidoModel instanciado.
2025-10-24 20:15:34,730 - INFO - [main.py:31] - Modelos de dados instanciados.
2025-10-24 20:15:34,743 - INFO - [main.py:89] - MAIN: Buscando clientes com termo: ''
2025-10-24 20:15:39,820 - INFO - [main.py:194] - MAIN: Abrindo formulário de novo pedido.
2025-10-24 20:15:45,196 - INFO - [main.py:102] - MAIN: Abrindo formulário de novo cliente.
2025-10-24 20:16:11,861 - INFO - [main.py:148] - MAIN: Salvando cliente: {'id': None, 'nome': 'Test Cliente', 'email': 'test@email.com', 'telefone': '9999999999'}
2025-10-24 20:16:11,871 - INFO - [models.py:64] - Cliente adicionado com sucesso: Test Cliente
2025-10-24 20:16:12,667 - INFO - [main.py:89] - MAIN: Buscando clientes com termo: ''
2025-10-24 20:16:17,140 - INFO - [main.py:115] - MAIN: Abrindo formulário para editar cliente ID: 1
2025-10-24 20:16:22,716 - INFO - [main.py:148] - MAIN: Salvando cliente: {'id': 1, 'nome': 'Test_Cliente', 'email': 'test@email.com', 'telefone': '9999999999'}
2025-10-24 20:16:22,728 - INFO - [models.py:86] - Cliente ID 1 atualizado com sucesso.
2025-10-24 20:16:23,779 - INFO - [main.py:89] - MAIN: Buscando clientes com termo: ''
2025-10-24 20:16:33,468 - INFO - [main.py:115] - MAIN: Abrindo formulário para editar cliente ID: 1
2025-10-24 20:16:40,028 - INFO - [main.py:148] - MAIN: Salvando cliente: {'id': 1, 'nome': 'Test_Cliente', 'email': 'test@gmail.com', 'telefone': '9999999998'}
2025-10-24 20:16:40,038 - INFO - [models.py:86] - Cliente ID 1 atualizado com sucesso.
2025-10-24 20:16:40,915 - INFO - [main.py:89] - MAIN: Buscando clientes com termo: ''
2025-10-24 20:16:45,052 - INFO - [main.py:194] - MAIN: Abrindo formulário de novo pedido.
2025-10-24 20:16:55,292 - INFO - [main.py:222] - MAIN: Salvando novo pedido (transacional).
2025-10-24 20:16:55,304 - INFO - [models.py:195] - Pedido 1 e 1 itens salvos com sucesso.
2025-10-24 20:16:55,348 - INFO - [main.py:222] - MAIN: Salvando novo pedido (transacional).
2025-10-24 20:16:55,377 - INFO - [models.py:195] - Pedido 2 e 1 itens salvos com sucesso.
2025-10-24 20:19:12,520 - INFO - [main.py:276] - Aplicação encerrada.
2025-10-24 20:19:22,951 - INFO - [main.py:255] - Aplicação iniciada.
2025-10-24 20:19:22,951 - INFO - [db.py:14] - Verificando e inicializando o banco de dados...
2025-10-24 20:19:22,956 - INFO - [db.py:77] - Banco de dados pronto.
2025-10-24 20:19:22,956 - INFO - [main.py:260] - Banco de dados inicializado com sucesso.
2025-10-24 20:19:23,037 - INFO - [models.py:17] - ClienteModel instanciado.
2025-10-24 20:19:23,038 - INFO - [models.py:125] - PedidoModel instanciado.
2025-10-24 20:19:23,038 - INFO - [main.py:31] - Modelos de dados instanciados.
2025-10-24 20:19:23,060 - INFO - [main.py:89] - MAIN: Buscando clientes com termo: ''
2025-10-24 20:19:26,051 - INFO - [main.py:194] - MAIN: Abrindo formulário de novo pedido.
2025-10-24 20:20:59,273 - INFO - [main.py:276] - Aplicação encerrada.
2025-10-24 20:21:06,114 - INFO - [main.py:255] - Aplicação iniciada.
2025-10-24 20:21:06,115 - INFO - [db.py:14] - Verificando e inicializando o banco de dados...
2025-10-24 20:21:06,117 - INFO - [db.py:77] - Banco de dados pronto.
2025-10-24 20:21:06,117 - INFO - [main.py:260] - Banco de dados inicializado com sucesso.
2025-10-24 20:21:06,184 - INFO - [models.py:17] - ClienteModel instanciado.
2025-10-24 20:21:06,184 - INFO - [models.py:125] - PedidoModel instanciado.
2025-10-24 20:21:06,184 - INFO - [main.py:31] - Modelos de dados instanciados.
2025-10-24 20:21:06,200 - INFO - [main.py:89] - MAIN: Buscando clientes com termo: ''
2025-10-24 20:21:08,827 - INFO - [main.py:194] - MAIN: Abrindo formulário de novo pedido.
2025-10-24 20:21:18,995 - INFO - [pedidos_view.py:623] - Formulário validado. Enviando dados para salvar: {'cliente_id': 1, 'data': '2025-10-24', 'total': 35.84, 'itens': [{'produto': 'Arroz', 'quantidade': 14, 'preco_unit': 2.56}]}
2025-10-24 20:21:18,995 - INFO - [main.py:222] - MAIN: Salvando novo pedido (transacional).
2025-10-24 20:21:19,006 - INFO - [models.py:195] - Pedido 3 e 1 itens salvos com sucesso.
2025-10-24 20:21:28,171 - INFO - [main.py:89] - MAIN: Buscando clientes com termo: 'test'
2025-10-24 20:21:29,715 - INFO - [main.py:89] - MAIN: Buscando clientes com termo: 'test'
2025-10-24 20:21:30,403 - INFO - [main.py:89] - MAIN: Buscando clientes com termo: 'test'
2025-10-24 20:21:30,579 - INFO - [main.py:89] - MAIN: Buscando clientes com termo: 'test'
2025-10-24 20:23:12,226 - INFO - [main.py:276] - Aplicação encerrada.
2025-10-24 20:23:16,594 - INFO - [main.py:255] - Aplicação iniciada.
2025-10-24 20:23:16,594 - INFO - [db.py:14] - Verificando e inicializando o banco de dados...
2025-10-24 20:23:16,596 - INFO - [db.py:77] - Banco de dados pronto.
2025-10-24 20:23:16,596 - INFO - [main.py:260] - Banco de dados inicializado com sucesso.
2025-10-24 20:23:16,694 - INFO - [models.py:17] - ClienteModel instanciado.
2025-10-24 20:23:16,694 - INFO - [models.py:125] - PedidoModel instanciado.
2025-10-24 20:23:16,694 - INFO - [main.py:31] - Modelos de dados instanciados.
2025-10-24 20:23:16,709 - INFO - [main.py:89] - MAIN: Buscando clientes com termo: ''
2025-10-24 20:23:27,539 - INFO - [main.py:194] - MAIN: Abrindo formulário de novo pedido.
2025-10-24 20:23:30,988 - INFO - [main.py:240] - MAIN: Formulário fechado/cancelado.
2025-10-24 20:23:42,251 - INFO - [main.py:102] - MAIN: Abrindo formulário de novo cliente.
2025-10-24 20:23:58,635 - INFO - [main.py:240] - MAIN: Formulário fechado/cancelado.
2025-10-24 20:24:03,410 - INFO - [main.py:276] - Aplicação encerrada.
2025-10-24 20:27:37,377 - INFO - [main.py:255] - Aplicação iniciada.
2025-10-24 20:27:37,377 - INFO - [db.py:14] - Verificando e inicializando o banco de dados...
2025-10-24 20:27:37,381 - INFO - [db.py:77] - Banco de dados pronto.
2025-10-24 20:27:37,381 - INFO - [main.py:260] - Banco de dados inicializado com sucesso.
2025-10-24 20:27:37,656 - INFO - [models.py:17] - ClienteModel instanciado.
2025-10-24 20:27:37,657 - INFO - [models.py:125] - PedidoModel instanciado.
2025-10-24 20:27:37,657 - INFO - [main.py:31] - Modelos de dados instanciados.
2025-10-24 20:27:37,709 - INFO - [main.py:89] - MAIN: Buscando clientes com termo: ''
2025-10-24 20:27:39,584 - INFO - [main.py:194] - MAIN: Abrindo formulário de novo pedido.
2025-10-24 20:27:39,585 - ERROR - [main.py:213] - Erro ao abrir novo pedido: PedidoFormWindow.__init__() got an unexpected keyword argument 'all_clients_list'
2025-10-24 20:29:01,675 - INFO - [main.py:255] - Aplicação iniciada.
2025-10-24 20:29:01,675 - INFO - [db.py:14] - Verificando e inicializando o banco de dados...
2025-10-24 20:29:01,677 - INFO - [db.py:77] - Banco de dados pronto.
2025-10-24 20:29:01,678 - INFO - [main.py:260] - Banco de dados inicializado com sucesso.
2025-10-24 20:29:01,757 - INFO - [models.py:17] - ClienteModel instanciado.
2025-10-24 20:29:01,757 - INFO - [models.py:125] - PedidoModel instanciado.
2025-10-24 20:29:01,757 - INFO - [main.py:31] - Modelos de dados instanciados.
2025-10-24 20:29:01,772 - INFO - [main.py:89] - MAIN: Buscando clientes com termo: ''
2025-10-24 20:29:10,912 - INFO - [main.py:194] - MAIN: Abrindo formulário de novo pedido.
2025-10-24 20:30:04,749 - INFO - [main.py:255] - Aplicação iniciada.
2025-10-24 20:30:04,749 - INFO - [db.py:14] - Verificando e inicializando o banco de dados...
2025-10-24 20:30:04,752 - INFO - [db.py:77] - Banco de dados pronto.
2025-10-24 20:30:04,752 - INFO - [main.py:260] - Banco de dados inicializado com sucesso.
2025-10-24 20:30:04,916 - INFO - [models.py:17] - ClienteModel instanciado.
2025-10-24 20:30:04,916 - INFO - [models.py:125] - PedidoModel instanciado.
2025-10-24 20:30:04,916 - INFO - [main.py:31] - Modelos de dados instanciados.
2025-10-24 20:30:04,929 - INFO - [main.py:89] - MAIN: Buscando clientes com termo: ''
2025-10-24 20:30:07,115 - INFO - [main.py:194] - MAIN: Abrindo formulário de novo pedido.
2025-10-24 20:30:12,232 - INFO - [pedidos_view.py:652] - Formulário validado. Enviando dados para salvar: {'cliente_id': 1, 'data': '2025-10-24', 'total': 4.0, 'itens': [{'produto': 'A', 'quantidade': 2, 'preco_unit': 2.0}]}
2025-10-24 20:30:12,232 - INFO - [main.py:222] - MAIN: Salvando novo pedido (transacional).
2025-10-24 20:30:12,241 - INFO - [models.py:195] - Pedido 4 e 1 itens salvos com sucesso.
2025-10-24 20:31:38,670 - INFO - [main.py:276] - Aplicação encerrada.
2025-10-24 20:31:42,638 - INFO - [main.py:255] - Aplicação iniciada.
2025-10-24 20:31:42,638 - INFO - [db.py:14] - Verificando e inicializando o banco de dados...
2025-10-24 20:31:42,641 - INFO - [db.py:77] - Banco de dados pronto.
2025-10-24 20:31:42,641 - INFO - [main.py:260] - Banco de dados inicializado com sucesso.
2025-10-24 20:31:42,820 - INFO - [models.py:17] - ClienteModel instanciado.
2025-10-24 20:31:42,820 - INFO - [models.py:125] - PedidoModel instanciado.
2025-10-24 20:31:42,821 - INFO - [main.py:31] - Modelos de dados instanciados.
2025-10-24 20:31:42,907 - INFO - [main.py:89] - MAIN: Buscando clientes com termo: ''
